This is pdfTeX, Version 3.1415926-2.3-1.40.12 (MiKTeX 2.9) (preloaded format=pdflatex 2013.3.23)  9 AUG 2013 13:32
entering extended mode
**D:/github/3d_cascaded_seg/write_up/proposal.tex
(D:/github/3d_cascaded_seg/write_up/proposal.tex
LaTeX2e <2011/06/27>
Babel <v3.8m> and hyphenation patterns for loaded.
(C:\CTEX\MiKTeX\tex\latex\base\article.cls
Document Class: article 2007/10/19 v1.4h Standard LaTeX document class
(C:\CTEX\MiKTeX\tex\latex\base\size12.clo
File: size12.clo 2007/10/19 v1.4h Standard LaTeX file (size option)
)
\c@part=\count79
\c@section=\count80
\c@subsection=\count81
\c@subsubsection=\count82
\c@paragraph=\count83
\c@subparagraph=\count84
\c@figure=\count85
\c@table=\count86
\abovecaptionskip=\skip41
\belowcaptionskip=\skip42
\bibindent=\dimen102
)
(C:\CTEX\MiKTeX\tex\latex\fancyhdr\fancyhdr.sty
\fancy@headwidth=\skip43
\f@ncyO@elh=\skip44
\f@ncyO@erh=\skip45
\f@ncyO@olh=\skip46
\f@ncyO@orh=\skip47
\f@ncyO@elf=\skip48
\f@ncyO@erf=\skip49
\f@ncyO@olf=\skip50
\f@ncyO@orf=\skip51
)
(C:\CTEX\MiKTeX\tex\latex\ams\math\amsmath.sty
Package: amsmath 2000/07/18 v2.13 AMS math features
\@mathmargin=\skip52

For additional information on amsmath, use the `?' option.
(C:\CTEX\MiKTeX\tex\latex\ams\math\amstext.sty
Package: amstext 2000/06/29 v2.01

(C:\CTEX\MiKTeX\tex\latex\ams\math\amsgen.sty
File: amsgen.sty 1999/11/30 v2.0
\@emptytoks=\toks14
\ex@=\dimen103
))
(C:\CTEX\MiKTeX\tex\latex\ams\math\amsbsy.sty
Package: amsbsy 1999/11/29 v1.2d
\pmbraise@=\dimen104
)
(C:\CTEX\MiKTeX\tex\latex\ams\math\amsopn.sty
Package: amsopn 1999/12/14 v2.01 operator names
)
\inf@bad=\count87
LaTeX Info: Redefining \frac on input line 211.
\uproot@=\count88
\leftroot@=\count89
LaTeX Info: Redefining \overline on input line 307.
\classnum@=\count90
\DOTSCASE@=\count91
LaTeX Info: Redefining \ldots on input line 379.
LaTeX Info: Redefining \dots on input line 382.
LaTeX Info: Redefining \cdots on input line 467.
\Mathstrutbox@=\box26
\strutbox@=\box27
\big@size=\dimen105
LaTeX Font Info:    Redeclaring font encoding OML on input line 567.
LaTeX Font Info:    Redeclaring font encoding OMS on input line 568.
\macc@depth=\count92
\c@MaxMatrixCols=\count93
\dotsspace@=\muskip10
\c@parentequation=\count94
\dspbrk@lvl=\count95
\tag@help=\toks15
\row@=\count96
\column@=\count97
\maxfields@=\count98
\andhelp@=\toks16
\eqnshift@=\dimen106
\alignsep@=\dimen107
\tagshift@=\dimen108
\tagwidth@=\dimen109
\totwidth@=\dimen110
\lineht@=\dimen111
\@envbody=\toks17
\multlinegap=\skip53
\multlinetaggap=\skip54
\mathdisplay@stack=\toks18
LaTeX Info: Redefining \[ on input line 2666.
LaTeX Info: Redefining \] on input line 2667.
)
(C:\CTEX\MiKTeX\tex\latex\graphics\graphicx.sty
Package: graphicx 1999/02/16 v1.0f Enhanced LaTeX Graphics (DPC,SPQR)

(C:\CTEX\MiKTeX\tex\latex\graphics\keyval.sty
Package: keyval 1999/03/16 v1.13 key=value parser (DPC)
\KV@toks@=\toks19
)
(C:\CTEX\MiKTeX\tex\latex\graphics\graphics.sty
Package: graphics 2009/02/05 v1.0o Standard LaTeX Graphics (DPC,SPQR)

(C:\CTEX\MiKTeX\tex\latex\graphics\trig.sty
Package: trig 1999/03/16 v1.09 sin cos tan (DPC)
)
(C:\CTEX\MiKTeX\tex\latex\00miktex\graphics.cfg
File: graphics.cfg 2007/01/18 v1.5 graphics configuration of teTeX/TeXLive
)
Package graphics Info: Driver file: pdftex.def on input line 91.

(C:\CTEX\MiKTeX\tex\latex\pdftex-def\pdftex.def
File: pdftex.def 2011/05/27 v0.06d Graphics/color for pdfTeX

(C:\CTEX\MiKTeX\tex\generic\oberdiek\infwarerr.sty
Package: infwarerr 2010/04/08 v1.3 Providing info/warning/message (HO)
)
(C:\CTEX\MiKTeX\tex\generic\oberdiek\ltxcmds.sty
Package: ltxcmds 2011/04/18 v1.20 LaTeX kernel commands for general use (HO)
)
\Gread@gobject=\count99
))
\Gin@req@height=\dimen112
\Gin@req@width=\dimen113
)
(C:\CTEX\MiKTeX\tex\latex\hyperref\hyperref.sty
Package: hyperref 2012/02/06 v6.82o Hypertext links for LaTeX

(C:\CTEX\MiKTeX\tex\generic\oberdiek\hobsub-hyperref.sty
Package: hobsub-hyperref 2011/04/23 v1.4 Bundle oberdiek, subset hyperref (HO)

(C:\CTEX\MiKTeX\tex\generic\oberdiek\hobsub-generic.sty
Package: hobsub-generic 2011/04/23 v1.4 Bundle oberdiek, subset generic (HO)
Package: hobsub 2011/04/23 v1.4 Subsetting bundle oberdiek (HO)
Package hobsub Info: Skipping package `infwarerr' (already loaded).
Package hobsub Info: Skipping package `ltxcmds' (already loaded).
Package: ifluatex 2010/03/01 v1.3 Provides the ifluatex switch (HO)
Package ifluatex Info: LuaTeX not detected.
Package: ifvtex 2010/03/01 v1.5 Switches for detecting VTeX and its modes (HO)
Package ifvtex Info: VTeX not detected.
Package: intcalc 2007/09/27 v1.1 Expandable integer calculations (HO)
Package: ifpdf 2011/01/30 v2.3 Provides the ifpdf switch (HO)
Package ifpdf Info: pdfTeX in PDF mode is detected.
Package: etexcmds 2011/02/16 v1.5 Prefix for e-TeX command names (HO)
Package etexcmds Info: Could not find \expanded.
(etexcmds)             That can mean that you are not using pdfTeX 1.50 or
(etexcmds)             that some package has redefined \expanded.
(etexcmds)             In the latter case, load this package earlier.
Package: kvsetkeys 2011/04/07 v1.13 Key value parser (HO)
Package: kvdefinekeys 2011/04/07 v1.3 Defining keys (HO)
Package: pdftexcmds 2011/04/22 v0.16 Utilities of pdfTeX for LuaTeX (HO)
Package pdftexcmds Info: LuaTeX not detected.
Package pdftexcmds Info: \pdf@primitive is available.
Package pdftexcmds Info: \pdf@ifprimitive is available.
Package pdftexcmds Info: \pdfdraftmode found.
Package: pdfescape 2011/04/04 v1.12 Provides string conversions (HO)
Package: bigintcalc 2011/01/30 v1.2 Expandable big integer calculations (HO)
Package: bitset 2011/01/30 v1.1 Data type bit set (HO)
Package: uniquecounter 2011/01/30 v1.2 Provides unlimited unique counter (HO)
)
Package hobsub Info: Skipping package `hobsub' (already loaded).
Package: letltxmacro 2010/09/02 v1.4 Let assignment for LaTeX macros (HO)
Package: hopatch 2011/01/30 v1.0 Wrapper for package hooks (HO)
Package: xcolor-patch 2011/01/30 xcolor patch
Package: atveryend 2011/04/23 v1.7 Hooks at very end of document (HO)
Package: atbegshi 2011/01/30 v1.15 At begin shipout hook (HO)
Package: refcount 2010/12/01 v3.2 Data extraction from references (HO)
Package: hycolor 2011/01/30 v1.7 Color options of hyperref/bookmark (HO)
)
(C:\CTEX\MiKTeX\tex\generic\ifxetex\ifxetex.sty
Package: ifxetex 2010/09/12 v0.6 Provides ifxetex conditional
)
(C:\CTEX\MiKTeX\tex\latex\oberdiek\kvoptions.sty
Package: kvoptions 2010/12/23 v3.10 Keyval support for LaTeX options (HO)
)
\@linkdim=\dimen114
\Hy@linkcounter=\count100
\Hy@pagecounter=\count101

(C:\CTEX\MiKTeX\tex\latex\hyperref\pd1enc.def
File: pd1enc.def 2012/02/06 v6.82o Hyperref: PDFDocEncoding definition (HO)
)
\Hy@SavedSpaceFactor=\count102

(C:\CTEX\MiKTeX\tex\latex\00miktex\hyperref.cfg
File: hyperref.cfg 2002/06/06 v1.2 hyperref configuration of TeXLive
)
Package hyperref Info: Option `CJKbookmarks' set `true' on input line 3925.
Package hyperref Info: Option `colorlinks' set `true' on input line 3925.
Package hyperref Info: Hyper figures OFF on input line 4046.
Package hyperref Info: Link nesting OFF on input line 4051.
Package hyperref Info: Hyper index ON on input line 4054.
Package hyperref Info: Plain pages OFF on input line 4061.
Package hyperref Info: Backreferencing OFF on input line 4066.
Package hyperref Info: Implicit mode ON; LaTeX internals redefined.
Package hyperref Info: Bookmarks ON on input line 4284.
\c@Hy@tempcnt=\count103

(C:\CTEX\MiKTeX\tex\latex\ltxmisc\url.sty
\Urlmuskip=\muskip11
Package: url 2006/04/12  ver 3.3  Verb mode for urls, etc.
)
LaTeX Info: Redefining \url on input line 4637.
\Fld@menulength=\count104
\Field@Width=\dimen115
\Fld@charsize=\dimen116
Package hyperref Info: Hyper figures OFF on input line 5757.
Package hyperref Info: Link nesting OFF on input line 5762.
Package hyperref Info: Hyper index ON on input line 5765.
Package hyperref Info: backreferencing OFF on input line 5772.
Package hyperref Info: Link coloring ON on input line 5775.
Package hyperref Info: Link coloring with OCG OFF on input line 5782.
Package hyperref Info: PDF/A mode OFF on input line 5787.
LaTeX Info: Redefining \ref on input line 5827.
LaTeX Info: Redefining \pageref on input line 5831.
\Hy@abspage=\count105
\c@Item=\count106
\c@Hfootnote=\count107
)

Package hyperref Message: Driver (autodetected): hpdftex.

(C:\CTEX\MiKTeX\tex\latex\hyperref\hpdftex.def
File: hpdftex.def 2012/02/06 v6.82o Hyperref driver for pdfTeX
\Fld@listcount=\count108
\c@bookmark@seq@number=\count109

(C:\CTEX\MiKTeX\tex\latex\oberdiek\rerunfilecheck.sty
Package: rerunfilecheck 2011/04/15 v1.7 Rerun checks for auxiliary files (HO)
Package uniquecounter Info: New unique counter `rerunfilecheck' on input line 2
82.
)
\Hy@SectionHShift=\skip55
)
(C:\CTEX\MiKTeX\tex\latex\ctex\ctex.sty
Package: ctex 2011/03/11 v1.02c ctex macros package

(C:\CTEX\MiKTeX\tex\latex\ctex\opt\ctex-common-opts.def)
(C:\CTEX\CTeX\tex\latex\ctex\cfg\ctexopts.cfg)
(C:\CTEX\MiKTeX\tex\latex\ctex\def\ctex-common.def
(C:\CTEX\MiKTeX\tex\latex\l3kernel\expl3.sty
(C:\CTEX\MiKTeX\tex\latex\l3kernel\l3names.sty
(C:\CTEX\MiKTeX\tex\latex\l3kernel\l3bootstrap.sty
Package: l3bootstrap 2011/12/29 v3110 L3 Experimental bootstrap code
)
Package: l3names 2011/12/30 v3113 L3 Experimental namespace for primitives
)
(C:\CTEX\MiKTeX\tex\latex\misc\etex.sty
Package: etex 1998/03/26 v2.0 eTeX basic definition package (PEB)
\et@xins=\count110
)
Package: expl3 2012/02/26 v3471 L3 Experimental code bundle wrapper

(C:\CTEX\MiKTeX\tex\latex\graphics\color.sty
Package: color 2005/11/14 v1.0j Standard LaTeX Color (DPC)

(C:\CTEX\MiKTeX\tex\latex\00miktex\color.cfg
File: color.cfg 2007/01/18 v1.5 color configuration of teTeX/TeXLive
)
Package color Info: Driver file: pdftex.def on input line 130.
)
(C:\CTEX\MiKTeX\tex\latex\l3kernel\l3basics.sty
Package: l3basics 2012/02/26 v3460 L3 Experimental basic definitions
)
(C:\CTEX\MiKTeX\tex\latex\l3kernel\l3expan.sty
Package: l3expan 2012/02/26 v3460 L3 Experimental argument expansion
)
(C:\CTEX\MiKTeX\tex\latex\l3kernel\l3tl.sty
Package: l3tl 2012/02/26 v3460 L3 Experimental token lists
)
(C:\CTEX\MiKTeX\tex\latex\l3kernel\l3seq.sty
Package: l3seq 2012/01/09 v3158 L3 Experimental sequences and stacks
)
(C:\CTEX\MiKTeX\tex\latex\l3kernel\l3int.sty
Package: l3int 2012/02/26 v3460 L3 Experimental integers
\c_max_int=\count111
\l_tmpa_int=\count112
\l_tmpb_int=\count113
\l_tmpc_int=\count114
\g_tmpa_int=\count115
\g_tmpb_int=\count116
)
(C:\CTEX\MiKTeX\tex\latex\l3kernel\l3quark.sty
Package: l3quark 2012/02/12 v3384 L3 Experimental quarks
)
(C:\CTEX\MiKTeX\tex\latex\l3kernel\l3prg.sty
Package: l3prg 2012/02/26 v3464 L3 Experimental control structures
\g_prg_map_int=\count117
)
(C:\CTEX\MiKTeX\tex\latex\l3kernel\l3clist.sty
Package: l3clist 2012/02/26 v3460 L3 Experimental comma separated lists
)
(C:\CTEX\MiKTeX\tex\latex\l3kernel\l3token.sty
Package: l3token 2012/02/26 v3460 L3 Experimental token manipulation
)
(C:\CTEX\MiKTeX\tex\latex\l3kernel\l3prop.sty
Package: l3prop 2012/02/26 v3460 L3 Experimental property lists
)
(C:\CTEX\MiKTeX\tex\latex\l3kernel\l3msg.sty
Package: l3msg 2012/02/26 v3470 L3 Experimental messages
)
(C:\CTEX\MiKTeX\tex\latex\l3kernel\l3file.sty
Package: l3file 2012/02/26 v3464 L3 Experimental file and I/O operations
\l_iow_stream_int=\count118
\l_iow_line_length_int=\count119
\l_iow_target_length_int=\count120
\l_iow_current_line_int=\count121
\l_iow_current_word_int=\count122
\l_iow_current_indentation_int=\count123
)
(C:\CTEX\MiKTeX\tex\latex\l3kernel\l3skip.sty
Package: l3skip 2012/02/26 v3460 L3 Experimental dimensions and skips
\l_tmpa_dim=\dimen117
\l_tmpb_dim=\dimen118
\l_tmpc_dim=\dimen119
\g_tmpa_dim=\dimen120
\g_tmpb_dim=\dimen121
\l_tmpa_skip=\skip56
\l_tmpb_skip=\skip57
\l_tmpc_skip=\skip58
\g_tmpa_skip=\skip59
\g_tmpb_skip=\skip60
)
(C:\CTEX\MiKTeX\tex\latex\l3kernel\l3keys.sty
Package: l3keys 2011/12/22 v3086 L3 Experimental key-value interfaces
\g_keyval_level_int=\count124
\l_keys_choice_int=\count125
)
(C:\CTEX\MiKTeX\tex\latex\l3kernel\l3fp.sty
Package: l3fp 2012/02/06 v3315 L3 Experimental floating-point operations
\c_one_million=\count126
\c_one_hundred_million=\count127
\c_five_hundred_million=\count128
\c_one_thousand_million=\count129
\c_fp_pi_by_four_decimal_int=\count130
\c_fp_pi_by_four_extended_int=\count131
\c_fp_pi_decimal_int=\count132
\c_fp_pi_extended_int=\count133
\c_fp_two_pi_decimal_int=\count134
\c_fp_two_pi_extended_int=\count135
\l_fp_count_int=\count136
\l_fp_div_offset_int=\count137
\l_fp_exp_integer_int=\count138
\l_fp_exp_decimal_int=\count139
\l_fp_exp_extended_int=\count140
\l_fp_exp_exponent_int=\count141
\l_fp_input_a_sign_int=\count142
\l_fp_input_a_integer_int=\count143
\l_fp_input_a_decimal_int=\count144
\l_fp_input_a_exponent_int=\count145
\l_fp_input_b_sign_int=\count146
\l_fp_input_b_integer_int=\count147
\l_fp_input_b_decimal_int=\count148
\l_fp_input_b_exponent_int=\count149
\l_fp_input_a_extended_int=\count150
\l_fp_input_b_extended_int=\count151
\l_fp_mul_a_i_int=\count152
\l_fp_mul_a_ii_int=\count153
\l_fp_mul_a_iii_int=\count154
\l_fp_mul_a_iv_int=\count155
\l_fp_mul_a_v_int=\count156
\l_fp_mul_a_vi_int=\count157
\l_fp_mul_b_i_int=\count158
\l_fp_mul_b_ii_int=\count159
\l_fp_mul_b_iii_int=\count160
\l_fp_mul_b_iv_int=\count161
\l_fp_mul_b_v_int=\count162
\l_fp_mul_b_vi_int=\count163
\l_fp_mul_output_int=\count164
\l_fp_output_sign_int=\count165
\l_fp_output_integer_int=\count166
\l_fp_output_decimal_int=\count167
\l_fp_output_exponent_int=\count168
\l_fp_output_extended_int=\count169
\l_fp_round_position_int=\count170
\l_fp_round_target_int=\count171
\l_fp_split_sign_int=\count172
\l_fp_internal_int=\count173
\l_fp_trig_octant_int=\count174
\l_fp_trig_sign_int=\count175
\l_fp_trig_decimal_int=\count176
\l_fp_trig_extended_int=\count177
\l_fp_internal_dim=\dimen122
\l_fp_internal_skip=\skip61
)
(C:\CTEX\MiKTeX\tex\latex\l3kernel\l3box.sty
Package: l3box 2012/02/18 v3432 L3 Experimental boxes
\l_tmpb_box=\box28
\l_box_top_dim=\dimen123
\l_box_bottom_dim=\dimen124
\l_box_left_dim=\dimen125
\l_box_right_dim=\dimen126
\l_box_top_new_dim=\dimen127
\l_box_bottom_new_dim=\dimen128
\l_box_left_new_dim=\dimen129
\l_box_right_new_dim=\dimen130
\l_box_internal_box=\box29
)
(C:\CTEX\MiKTeX\tex\latex\l3kernel\l3coffins.sty
Package: l3coffins 2012/02/26 v3460 L3 Experimental coffin code layer
\l_coffin_internal_box=\box30
\l_coffin_internal_dim=\dimen131
\l_coffin_offset_x_dim=\dimen132
\l_coffin_offset_y_dim=\dimen133
\l_coffin_x_dim=\dimen134
\l_coffin_y_dim=\dimen135
\l_coffin_x_prime_dim=\dimen136
\l_coffin_y_prime_dim=\dimen137
\l_coffin_Depth_dim=\dimen138
\l_coffin_Height_dim=\dimen139
\l_coffin_TotalHeight_dim=\dimen140
\l_coffin_Width_dim=\dimen141
\c_empty_coffin=\box31
\l_coffin_aligned_coffin=\box32
\l_coffin_aligned_internal_coffin=\box33
\l_coffin_bounding_shift_dim=\dimen142
\l_coffin_left_corner_dim=\dimen143
\l_coffin_right_corner_dim=\dimen144
\l_coffin_bottom_corner_dim=\dimen145
\l_coffin_top_corner_dim=\dimen146
\l_coffin_scaled_total_height_dim=\dimen147
\l_coffin_scaled_width_dim=\dimen148
\l_coffin_display_coffin=\box34
\l_coffin_display_coord_coffin=\box35
\l_coffin_display_pole_coffin=\box36
\l_coffin_display_offset_dim=\dimen149
\l_coffin_display_x_dim=\dimen150
\l_coffin_display_y_dim=\dimen151
)
(C:\CTEX\MiKTeX\tex\latex\l3kernel\l3color.sty
Package: l3color 2011/09/07 v2776 L3 Experimental colour support
)
(C:\CTEX\MiKTeX\tex\latex\l3kernel\l3luatex.sty
Package: l3luatex 2012/02/09 v3355 L3 Experimental LuaTeX-specific functions
\g_cctab_allocate_int=\count178
\g_cctab_stack_int=\count179
))
(C:\CTEX\MiKTeX\tex\latex\etoolbox\etoolbox.sty
Package: etoolbox 2011/01/03 v2.1 e-TeX tools for LaTeX
\etb@tempcnta=\count180
)
(C:\CTEX\MiKTeX\tex\latex\tools\indentfirst.sty
Package: indentfirst 1995/11/23 v1.03 Indent first paragraph (DPC)
)
(C:\CTEX\MiKTeX\tex\latex\base\fix-cm.sty
Package: fix-cm 2006/09/13 v1.1m fixes to LaTeX

(C:\CTEX\MiKTeX\tex\latex\base\ts1enc.def
File: ts1enc.def 2001/06/05 v3.0e (jk/car/fm) Standard LaTeX file
))
(C:\CTEX\MiKTeX\tex\latex\ctex\engine\ctex-cjk-engine.def
(C:\CTEX\MiKTeX\tex\latex\cjk\CJK.sty
Package: CJK 2008/12/29 4.8.2

(C:\CTEX\MiKTeX\tex\latex\cjk\mule\MULEenc.sty
Package: MULEenc 2008/12/29 4.8.2
)
(C:\CTEX\MiKTeX\tex\latex\cjk\CJK.enc
File: CJK.enc 2008/12/29 4.8.2
)
LaTeX Info: Redefining \selectfont on input line 756.
\CJK@indent=\box37
)
(C:\CTEX\CTeX\tex\latex\CJKpunct\CJKpunct.sty
Package: CJKpunct 2010/02/21 4.8.2-2
\CJKpunct@cnta=\count181
\CJKpunct@cntb=\count182
\CJKpunct@cntc=\count183
\CJKpunct@cntd=\count184
\CJKpunct@cnte=\count185

(C:\CTEX\CTeX\tex\latex\CJKpunct\CJKpunct.spa))
(C:\CTEX\MiKTeX\tex\latex\ctex\engine\ctex-cjk-common.def
\ccwd=\dimen152
)
(C:\CTEX\MiKTeX\tex\latex\ctex\fontset\ctex-cjk-winfonts.def
(C:\CTEX\MiKTeX\tex\generic\zhmetrics\zhwinfonts.tex
(C:\CTEX\MiKTeX\tex\generic\oberdiek\ifpdf.sty
Package ifpdf Info: The package is already loaded, stopped on input line 64.
){C:/CTEX/UserData/pdftex/config/pdftex.map{Unicode.sfd}{UGBK.sfd}})))
\CTEX@q=\count186
\CTEX@r=\count187
))
(C:\CTEX\MiKTeX\tex\latex\ctex\def\ctex-gbk.def)
(C:\CTEX\MiKTeX\tex\latex\ctex\cfg\ctex.cfg)
(C:\CTEX\MiKTeX\tex\latex\psnfss\times.sty
Package: times 2005/04/12 PSNFSS-v9.2a (SPQR) 
)
(C:\CTEX\MiKTeX\tex\latex\graphics\epsfig.sty
Package: epsfig 1999/02/16 v1.7a (e)psfig emulation (SPQR)
\epsfxsize=\dimen153
\epsfysize=\dimen154
)
(C:\CTEX\MiKTeX\tex\latex\amsfonts\amssymb.sty
Package: amssymb 2009/06/22 v3.00

(C:\CTEX\MiKTeX\tex\latex\amsfonts\amsfonts.sty
Package: amsfonts 2009/06/22 v3.00 Basic AMSFonts support
\symAMSa=\mathgroup4
\symAMSb=\mathgroup5
LaTeX Font Info:    Overwriting math alphabet `\mathfrak' in version `bold'
(Font)                  U/euf/m/n --> U/euf/b/n on input line 96.
))
(C:\CTEX\MiKTeX\tex\latex\stmaryrd\stmaryrd.sty
Package: stmaryrd 1994/03/03 St Mary's Road symbol package
\symstmry=\mathgroup6
LaTeX Font Info:    Overwriting symbol font `stmry' in version `bold'
(Font)                  U/stmry/m/n --> U/stmry/b/n on input line 89.
)
(C:\CTEX\MiKTeX\tex\latex\cases\cases.sty
Package: cases 2002/05/02 ver 2.5 
)
(C:\CTEX\MiKTeX\tex\latex\bbm\bbm.sty
Package: bbm 1999/03/15 V 1.2 provides fonts for set symbols - TH
LaTeX Font Info:    Overwriting math alphabet `\mathbbm' in version `bold'
(Font)                  U/bbm/m/n --> U/bbm/bx/n on input line 33.
LaTeX Font Info:    Overwriting math alphabet `\mathbbmss' in version `bold'
(Font)                  U/bbmss/m/n --> U/bbmss/bx/n on input line 35.
)
(C:\CTEX\MiKTeX\tex\latex\was\upgreek.sty
Package: upgreek 2003/02/12 v2.0 (WaS)
Package upgreek Info: Using Euler Roman for upright Greek on input line 31.
\symugrf@m=\mathgroup7
LaTeX Font Info:    Overwriting symbol font `ugrf@m' in version `bold'
(Font)                  U/eur/m/n --> U/eur/b/n on input line 38.
)
(C:\CTEX\MiKTeX\tex\latex\tools\bm.sty
Package: bm 2004/02/26 v1.1c Bold Symbol Support (DPC/FMi)
\symboldoperators=\mathgroup8
\symboldletters=\mathgroup9
\symboldsymbols=\mathgroup10
\symboldstmry=\mathgroup11
LaTeX Font Info:    Redeclaring math alphabet \mathbf on input line 138.
LaTeX Info: Redefining \bm on input line 204.
)
(C:\CTEX\MiKTeX\tex\latex\tools\xspace.sty
Package: xspace 2009/10/20 v1.13 Space after command names (DPC,MH)
)
(C:\CTEX\MiKTeX\tex\latex\comment\comment.sty
\CommentStream=\write3
 Excluding comment 'comment')
(C:\CTEX\MiKTeX\tex\latex\multirow\multirow.sty
\bigstrutjot=\dimen155
)
(C:\CTEX\MiKTeX\tex\latex\sidecap\sidecap.sty
Package: sidecap 2003/06/06 v1.6f SideCap Package (RN/HjG)

(C:\CTEX\MiKTeX\tex\latex\base\ifthen.sty
Package: ifthen 2001/05/26 v1.1c Standard LaTeX ifthen package (DPC)
)
\SC@BOXWD=\dimen156
\SC@CAPWD=\dimen157
\SC@tempdima=\dimen158
\SC@tempdimb=\dimen159
\c@SC@C=\count188
\SC@BOX=\box38
)
(C:\CTEX\MiKTeX\tex\latex\algorithms\algorithmic.sty
Package: algorithmic 2009/08/24 v0.1 Document Style `algorithmic'
\c@ALC@unique=\count189
\c@ALC@line=\count190
\c@ALC@rem=\count191
\c@ALC@depth=\count192
\ALC@tlm=\skip62
\algorithmicindent=\skip63
)
(C:\CTEX\MiKTeX\tex\latex\appendix\appendix.sty
Package: appendix 2009/09/02 v1.2b extra appendix facilities
\c@@pps=\count193
\c@@ppsavesec=\count194
\c@@ppsaveapp=\count195
)
\c@algorithmbis=\count196

(D:\github\3d_cascaded_seg\write_up\proposal.aux)
LaTeX Font Info:    Checking defaults for OML/cmm/m/it on input line 59.
LaTeX Font Info:    ... okay on input line 59.
LaTeX Font Info:    Checking defaults for T1/cmr/m/n on input line 59.
LaTeX Font Info:    ... okay on input line 59.
LaTeX Font Info:    Checking defaults for OT1/cmr/m/n on input line 59.
LaTeX Font Info:    ... okay on input line 59.
LaTeX Font Info:    Checking defaults for OMS/cmsy/m/n on input line 59.
LaTeX Font Info:    ... okay on input line 59.
LaTeX Font Info:    Checking defaults for OMX/cmex/m/n on input line 59.
LaTeX Font Info:    ... okay on input line 59.
LaTeX Font Info:    Checking defaults for U/cmr/m/n on input line 59.
LaTeX Font Info:    ... okay on input line 59.
LaTeX Font Info:    Checking defaults for PD1/pdf/m/n on input line 59.
LaTeX Font Info:    ... okay on input line 59.
LaTeX Font Info:    Checking defaults for TS1/cmr/m/n on input line 59.
LaTeX Font Info:    ... okay on input line 59.
LaTeX Font Info:    Checking defaults for C00/song/m/n on input line 59.
LaTeX Font Info:    ... okay on input line 59.
LaTeX Font Info:    Checking defaults for C05/song/m/n on input line 59.
LaTeX Font Info:    ... okay on input line 59.
LaTeX Font Info:    Checking defaults for C09/song/m/n on input line 59.
LaTeX Font Info:    ... okay on input line 59.
LaTeX Font Info:    Checking defaults for C10/song/m/n on input line 59.
LaTeX Font Info:    ... okay on input line 59.
LaTeX Font Info:    Checking defaults for C20/song/m/n on input line 59.
LaTeX Font Info:    ... okay on input line 59.
LaTeX Font Info:    Checking defaults for C19/song/m/n on input line 59.
LaTeX Font Info:    ... okay on input line 59.
LaTeX Font Info:    Checking defaults for C40/song/m/n on input line 59.
LaTeX Font Info:    ... okay on input line 59.
LaTeX Font Info:    Checking defaults for C42/song/m/n on input line 59.
LaTeX Font Info:    ... okay on input line 59.
LaTeX Font Info:    Checking defaults for C43/song/m/n on input line 59.
LaTeX Font Info:    ... okay on input line 59.
LaTeX Font Info:    Checking defaults for C50/song/m/n on input line 59.
LaTeX Font Info:    ... okay on input line 59.
LaTeX Font Info:    Checking defaults for C52/song/m/n on input line 59.
LaTeX Font Info:    ... okay on input line 59.
LaTeX Font Info:    Checking defaults for C49/song/m/n on input line 59.
LaTeX Font Info:    ... okay on input line 59.
LaTeX Font Info:    Checking defaults for C60/mj/m/n on input line 59.
LaTeX Font Info:    ... okay on input line 59.
LaTeX Font Info:    Checking defaults for C61/mj/m/n on input line 59.
LaTeX Font Info:    ... okay on input line 59.
LaTeX Font Info:    Checking defaults for C63/mj/m/n on input line 59.
LaTeX Font Info:    ... okay on input line 59.
LaTeX Font Info:    Checking defaults for C64/mj/m/n on input line 59.
LaTeX Font Info:    ... okay on input line 59.
LaTeX Font Info:    Checking defaults for C65/mj/m/n on input line 59.
LaTeX Font Info:    ... okay on input line 59.
LaTeX Font Info:    Checking defaults for C70/song/m/n on input line 59.
LaTeX Font Info:    ... okay on input line 59.
LaTeX Font Info:    Checking defaults for C31/song/m/n on input line 59.
LaTeX Font Info:    ... okay on input line 59.
LaTeX Font Info:    Checking defaults for C32/song/m/n on input line 59.
LaTeX Font Info:    ... okay on input line 59.
LaTeX Font Info:    Checking defaults for C33/song/m/n on input line 59.
LaTeX Font Info:    ... okay on input line 59.
LaTeX Font Info:    Checking defaults for C34/song/m/n on input line 59.
LaTeX Font Info:    ... okay on input line 59.
LaTeX Font Info:    Checking defaults for C35/song/m/n on input line 59.
LaTeX Font Info:    ... okay on input line 59.
LaTeX Font Info:    Checking defaults for C36/song/m/n on input line 59.
LaTeX Font Info:    ... okay on input line 59.
LaTeX Font Info:    Checking defaults for C37/song/m/n on input line 59.
LaTeX Font Info:    ... okay on input line 59.
LaTeX Font Info:    Checking defaults for C80/song/m/n on input line 59.
LaTeX Font Info:    ... okay on input line 59.
LaTeX Font Info:    Checking defaults for C81/song/m/n on input line 59.
LaTeX Font Info:    ... okay on input line 59.
LaTeX Font Info:    Checking defaults for C01/song/m/n on input line 59.
LaTeX Font Info:    ... okay on input line 59.
LaTeX Font Info:    Checking defaults for C11/song/m/n on input line 59.
LaTeX Font Info:    ... okay on input line 59.
LaTeX Font Info:    Checking defaults for C21/song/m/n on input line 59.
LaTeX Font Info:    ... okay on input line 59.
LaTeX Font Info:    Checking defaults for C41/song/m/n on input line 59.
LaTeX Font Info:    ... okay on input line 59.
LaTeX Font Info:    Checking defaults for C62/song/m/n on input line 59.
LaTeX Font Info:    ... okay on input line 59.
LaTeX Font Info:    Try loading font information for OT1+ptm on input line 59.

(C:\CTEX\MiKTeX\tex\latex\psnfss\ot1ptm.fd
File: ot1ptm.fd 2001/06/04 font definitions for OT1/ptm.
)
(C:\CTEX\MiKTeX\tex\context\base\supp-pdf.mkii
[Loading MPS to PDF converter (version 2006.09.02).]
\scratchcounter=\count197
\scratchdimen=\dimen160
\scratchbox=\box39
\nofMPsegments=\count198
\nofMParguments=\count199
\everyMPshowfont=\toks20
\MPscratchCnt=\count200
\MPscratchDim=\dimen161
\MPnumerator=\count201
Normal \count register pool exhausted, switching to extended pool.
\makeMPintoPDFobject=\count277
\everyMPtoPDFconversion=\toks21
)
\AtBeginShipoutBox=\box40
Package hyperref Info: Link coloring ON on input line 59.
 (C:\CTEX\MiKTeX\tex\latex\hyperref\nameref.sty
Package: nameref 2010/04/30 v2.40 Cross-referencing by name of section

(C:\CTEX\MiKTeX\tex\generic\oberdiek\gettitlestring.sty
Package: gettitlestring 2010/12/03 v1.4 Cleanup title references (HO)
)
\c@section@level=\count278
)
LaTeX Info: Redefining \ref on input line 59.
LaTeX Info: Redefining \pageref on input line 59.
LaTeX Info: Redefining \nameref on input line 59.

(D:\github\3d_cascaded_seg\write_up\proposal.out)
(D:\github\3d_cascaded_seg\write_up\proposal.out)
\@outlinefile=\write4

(C:\CTEX\MiKTeX\tex\latex\ms\ragged2e.sty
Package: ragged2e 2009/05/21 v2.1 ragged2e Package (MS)

(C:\CTEX\MiKTeX\tex\latex\ms\everysel.sty
Package: everysel 2011/10/28 v1.2 EverySelectfont Package (MS)

ABD: EverySelectfont initializing macros
LaTeX Info: Redefining \selectfont on input line 126.
)
\CenteringLeftskip=\skip64
\RaggedLeftLeftskip=\skip65
\RaggedRightLeftskip=\skip66
\CenteringRightskip=\skip67
\RaggedLeftRightskip=\skip68
\RaggedRightRightskip=\skip69
\CenteringParfillskip=\skip70
\RaggedLeftParfillskip=\skip71
\RaggedRightParfillskip=\skip72
\JustifyingParfillskip=\skip73
\CenteringParindent=\skip74
\RaggedLeftParindent=\skip75
\RaggedRightParindent=\skip76
\JustifyingParindent=\skip77
)
(C:\CTEX\MiKTeX\tex\latex\cjk\standard.bdg
File: standard.bdg 2008/12/29 4.8.2
)
(C:\CTEX\MiKTeX\tex\latex\cjk\extended.enc
File: extended.enc 2008/12/29 4.8.2
)
(C:\CTEX\MiKTeX\tex\latex\cjk\extended.chr
File: extended.chr 2008/12/29 4.8.2
)
LaTeX Font Info:    Try loading font information for C19+rm on input line 61.

(C:\CTEX\MiKTeX\tex\latex\ctex\fd\c19rm.fd
File: c19rm.fd 2007/05/06 v0.8a ctex font definition file
)
Package CJKpunct Info: punctuation spaces for family 'zhsong' do not exist. Use
 family 'def' instead. on input line 61.
LaTeX Font Info:    Try loading font information for U+msa on input line 62.

(C:\CTEX\MiKTeX\tex\latex\amsfonts\umsa.fd
File: umsa.fd 2009/06/22 v3.00 AMS symbols A
)
LaTeX Font Info:    Try loading font information for U+msb on input line 62.

(C:\CTEX\MiKTeX\tex\latex\amsfonts\umsb.fd
File: umsb.fd 2009/06/22 v3.00 AMS symbols B
)
LaTeX Font Info:    Try loading font information for U+stmry on input line 62.

(C:\CTEX\MiKTeX\tex\latex\stmaryrd\ustmry.fd)

LaTeX Font Warning: Font shape `U/stmry/b/n' undefined
(Font)              using `U/stmry/m/n' instead on input line 62.


Overfull \hbox (19.42519pt too wide) in paragraph at lines 61--63
[]\C19/rm/m/n/12/38 – \C19/rm/m/n/12/37 ⁄ \C19/rm/m/n/12/56 g \C19/rm/m/n/12/49
 ¥|\C19/rm/m/n/12/26 µ| \OT1/ptm/m/n/12 3D mesh$\OMS/cmsy/m/n/12 !$ \OT1/ptm/m/
n/12 mesh de-com-po-si-tion\C19/rm/m/n/12/58 è \C19/rm/m/n/12/39 å \C19/rm/m/n/
12/48 ˛\OT1/ptm/m/n/12 super-patch$\OMS/cmsy/m/n/12 !$ \C19/rm/m/n/12/48 ¸ ¸\OT
1/ptm/m/n/12 merge\C19/rm/m/n/12/60 /
 []

LaTeX Font Info:    Font shape `OT1/ptm/bx/n' in size <17.28> not available
(Font)              Font shape `OT1/ptm/b/n' tried instead on input line 64.
LaTeX Font Info:    Font shape `OT1/ptm/bx/n' in size <14.4> not available
(Font)              Font shape `OT1/ptm/b/n' tried instead on input line 73.
[1

]
Overfull \hbox (8.26599pt too wide) in paragraph at lines 78--80
\C19/rm/m/n/12/63 3 \C19/rm/m/n/12/45 O \C19/rm/m/n/12/56 é \C19/rm/m/n/12/40 
 \C19/rm/m/n/12/55 û \C19/rm/m/n/12/43 ˇ \C19/rm/m/n/12/47 å \C19/rm/m/n/12/61 
± \C19/rm/m/n/12/63 $ \C19/rm/m/n/12/62 ^ \C19/rm/m/n/12/60 œ \C19/rm/m/n/12/63
 È \C19/rm/m/n/12/65 Å \C19/rm/m/n/12/40 · \C19/rm/m/n/12/49 ¥ \C19/rm/m/n/12/4
6 ª \C19/rm/m/n/12/40 \OT1/ptm/m/n/12 Shortest Path Faster Al-go-rith-m(SPFA)\
C19/rm/m/n/12/56 é
 []

LaTeX Font Info:    Font shape `OT1/ptm/bx/n' in size <12> not available
(Font)              Font shape `OT1/ptm/b/n' tried instead on input line 86.
[2]
LaTeX Font Info:    Try loading font information for U+bbm on input line 108.
 (C:\CTEX\MiKTeX\tex\latex\bbm\ubbm.fd
File: ubbm.fd 1999/03/15 V 1.2 Font definition for bbm font - TH
)
Underfull \hbox (badness 10000) in paragraph at lines 109--112

 []


Overfull \hbox (2.66875pt too wide) in paragraph at lines 122--123
[]\C19/rm/m/n/12/40 È \C19/rm/m/n/12/62 u \C19/rm/m/n/12/61 ò \C19/rm/m/n/12/42
 á\OT1/ptm/m/n/12 3D Mod-el $\OML/cmm/m/it/12 I[]$\OT1/ptm/m/n/12 , \C19/rm/m/n
/12/58 ∑ \C19/rm/m/n/12/50 Ç \C19/rm/m/n/12/45 Ú \C19/rm/m/n/12/52 Ÿ \C19/rm/m/
n/12/41 © \C19/rm/m/n/12/58 è$\OML/cmm/m/it/12 k[]$\C19/rm/m/n/12/42 á\OT1/ptm/
m/n/12 super-patch$\OML/cmm/m/it/12 R[] \OT1/cmr/m/n/12 = \OMS/cmsy/m/n/12 f\OM
L/cmm/m/it/12 R[]; :::; R[]\OMS/cmsy/m/n/12 g$|\C19/rm/m/n/12/26 ß|
 []

[3]
Overfull \hbox (28.99869pt too wide) in paragraph at lines 136--137
\C19/rm/m/n/12/46 = = \C19/rm/m/n/12/62 k \C19/rm/m/n/12/61 ò \C19/rm/m/n/12/60
  \C19/rm/m/n/12/37 ‹ \C19/rm/m/n/12/41 ©$\OML/cmm/m/it/12 N\OT1/cmr/m/n/12 (\
OML/cmm/m/it/12 R\OT1/cmr/m/n/12 )$\C19/rm/m/n/12/64 • \C19/rm/m/n/12/40  \C19
/rm/m/n/12/53 ´ \C19/rm/m/n/12/62 ç \C19/rm/m/n/12/40 È \C19/rm/m/n/12/58 è\OT1
/ptm/m/n/12 true neg-a-tive|\C19/rm/m/n/12/26 ß| \C19/rm/m/n/12/61 œ \C19/rm/m/
n/12/58 è \C19/rm/m/n/12/39 å \C19/rm/m/n/12/37 ‹ \C19/rm/m/n/12/41 © \C19/rm/m
/n/12/59 É \C19/rm/m/n/12/49  \C19/rm/m/n/12/40 \OT1/ptm/m/n/12 superpixels\C
19/rm/m/n/12/62 A
 []

[4] [5]
LaTeX Font Info:    Try loading font information for OMS+ptm on input line 165.

 (C:\CTEX\MiKTeX\tex\latex\psnfss\omsptm.fd
File: omsptm.fd 
)
LaTeX Font Info:    Font shape `OMS/ptm/m/n' in size <12> not available
(Font)              Font shape `OMS/cmsy/m/n' tried instead on input line 165.
 [6]
LaTeX Font Info:    Font shape `OT1/ptm/bx/n' in size <24.88> not available
(Font)              Font shape `OT1/ptm/b/n' tried instead on input line 186.
LaTeX Font Info:    Try loading font information for OT1+pcr on input line 203.


(C:\CTEX\MiKTeX\tex\latex\psnfss\ot1pcr.fd
File: ot1pcr.fd 2001/06/04 font definitions for OT1/pcr.
)
Overfull \hbox (2.40002pt too wide) in paragraph at lines 202--206
\C19/rm/m/n/12/49 π \C19/rm/m/n/12/40  \C19/rm/m/n/12/65 | \C19/rm/m/n/12/64 Ñ
 \C19/rm/m/n/12/53 ú \C19/rm/m/n/12/47 π|\C19/rm/m/n/12/26 ß| \C19/rm/m/n/12/54
  \C19/rm/m/n/12/37 ‹ \C19/rm/m/n/12/39 ì \C19/rm/m/n/12/49 Ë \C19/rm/m/n/12/6
3 3 ˘ \C19/rm/m/n/12/48 p \C19/rm/m/n/12/57 ˜ \C19/rm/m/n/12/43 +[][]$\OT1/pcr/
m/n/12 https : / / github . com / luvegood /$
 []

(D:\github\3d_cascaded_seg\write_up\proposal.bbl [7]
Underfull \hbox (badness 1365) in paragraph at lines 35--38
[]\OT1/ptm/m/n/12 Dan Sun-day.  Dis-tance be-tween 3d lines and seg-ments.  [][
]$\OT1/pcr/m/n/12 http : / /$
 []

) [8]
Package atveryend Info: Empty hook `BeforeClearDocument' on input line 212.
Package atveryend Info: Empty hook `AfterLastShipout' on input line 212.
 (D:\github\3d_cascaded_seg\write_up\proposal.aux)
Package atveryend Info: Executing hook `AtVeryEndDocument' on input line 212.
Package atveryend Info: Executing hook `AtEndAfterFileList' on input line 212.
Package rerunfilecheck Info: File `proposal.out' has not changed.
(rerunfilecheck)             Checksum: 96FCA1D58FD762EF5E1C1A843E8F4D6F;927.


LaTeX Font Warning: Some font shapes were not available, defaults substituted.

 ) 
Here is how much of TeX's memory you used:
 14234 strings out of 495354
 218332 string characters out of 3183859
 292830 words of memory out of 3000000
 17021 multiletter control sequences out of 15000+200000
 36296 words of font info for 104 fonts, out of 3000000 for 9000
 14 hyphenation exceptions out of 8191
 34i,6n,43p,873b,923s stack positions out of 5000i,500n,10000p,200000b,50000s
{C:/CTEX/MiKTeX/fonts/enc/dvips/fontname/8r.enc}<C:/Windows/Fonts/simhei.ttf>
<C:/Windows/Fonts/simhei.ttf> <C:\CTEX\UserData\fonts\pk\ljfour\public\bbm\dpi6
00\bbm12.pk><C:/Windows/Fonts/simsun.ttc><C:/Windows/Fonts/simsun.ttc><C:/Windo
ws/Fonts/simsun.ttc><C:/Windows/Fonts/simsun.ttc><C:/Windows/Fonts/simsun.ttc><
C:/Windows/Fonts/simsun.ttc><C:/Windows/Fonts/simsun.ttc><C:/Windows/Fonts/sims
un.ttc><C:/Windows/Fonts/simsun.ttc><C:/Windows/Fonts/simsun.ttc><C:/Windows/Fo
nts/simsun.ttc><C:/Windows/Fonts/simsun.ttc><C:/Windows/Fonts/simsun.ttc><C:/Wi
ndows/Fonts/simsun.ttc><C:/Windows/Fonts/simsun.ttc><C:/Windows/Fonts/simsun.tt
c><C:/Windows/Fonts/simsun.ttc><C:/Windows/Fonts/simsun.ttc><C:/Windows/Fonts/s
imsun.ttc><C:/Windows/Fonts/simsun.ttc><C:/Windows/Fonts/simsun.ttc><C:/Windows
/Fonts/simsun.ttc><C:/Windows/Fonts/simsun.ttc><C:/Windows/Fonts/simsun.ttc><C:
/Windows/Fonts/simsun.ttc><C:/Windows/Fonts/simsun.ttc><C:/Windows/Fonts/simsun
.ttc><C:/Windows/Fonts/simsun.ttc><C:/Windows/Fonts/simsun.ttc><C:/Windows/Font
s/simsun.ttc><C:/Windows/Fonts/simsun.ttc><C:/Windows/Fonts/simsun.ttc><C:/CTEX
/MiKTeX/fonts/type1/public/amsfonts/cm/cmbx12.pfb><C:/CTEX/MiKTeX/fonts/type1/p
ublic/amsfonts/cm/cmbx8.pfb><C:/CTEX/MiKTeX/fonts/type1/public/amsfonts/cm/cmex
10.pfb><C:/CTEX/MiKTeX/fonts/type1/public/amsfonts/cm/cmmi12.pfb><C:/CTEX/MiKTe
X/fonts/type1/public/amsfonts/cm/cmmi6.pfb><C:/CTEX/MiKTeX/fonts/type1/public/a
msfonts/cm/cmmi8.pfb><C:/CTEX/MiKTeX/fonts/type1/public/amsfonts/cm/cmmib10.pfb
><C:/CTEX/MiKTeX/fonts/type1/public/amsfonts/cm/cmr12.pfb><C:/CTEX/MiKTeX/fonts
/type1/public/amsfonts/cm/cmr6.pfb><C:/CTEX/MiKTeX/fonts/type1/public/amsfonts/
cm/cmr8.pfb><C:/CTEX/MiKTeX/fonts/type1/public/amsfonts/cm/cmsy10.pfb><C:/CTEX/
MiKTeX/fonts/type1/public/amsfonts/cm/cmsy8.pfb><C:/CTEX/MiKTeX/fonts/type1/pub
lic/amsfonts/symbols/msam10.pfb><C:/CTEX/MiKTeX/fonts/type1/urw/courier/ucrr8a.
pfb><C:/CTEX/MiKTeX/fonts/type1/urw/times/utmb8a.pfb><C:/CTEX/MiKTeX/fonts/type
1/urw/times/utmr8a.pfb><C:/CTEX/MiKTeX/fonts/type1/urw/times/utmri8a.pfb>
Output written on proposal.pdf (8 pages, 380800 bytes).
PDF statistics:
 361 PDF objects out of 1000 (max. 8388607)
 49 named destinations out of 1000 (max. 500000)
 113 words of extra memory for PDF output out of 10000 (max. 10000000)

